<?xml version="1.0" encoding="UTF-8"?>
<testng-results skipped="0" failed="0" ignored="0" total="1" passed="1">
  <reporter-output>
  </reporter-output>
  <suite name="Suite" duration-ms="12366" started-at="2021-08-16T11:57:38 IST" finished-at="2021-08-16T11:57:50 IST">
    <groups>
    </groups>
    <test name="Test" duration-ms="12366" started-at="2021-08-16T11:57:38 IST" finished-at="2021-08-16T11:57:50 IST">
      <class name="testCases.HomePageTest">
        <test-method status="PASS" signature="setUp()[pri:0, instance:testCases.HomePageTest@59f99ea]" name="setUp" is-config="true" duration-ms="7606" started-at="2021-08-16T11:57:38 IST" finished-at="2021-08-16T11:57:45 IST">
          <reporter-output>
          </reporter-output>
        </test-method> <!-- setUp -->
        <test-method status="PASS" signature="verifyABTesting()[pri:0, instance:testCases.HomePageTest@59f99ea]" name="verifyABTesting" duration-ms="3694" started-at="2021-08-16T11:57:45 IST" finished-at="2021-08-16T11:57:49 IST">
          <reporter-output>
          </reporter-output>
        </test-method> <!-- verifyABTesting -->
        <test-method status="PASS" signature="tearDown()[pri:0, instance:testCases.HomePageTest@59f99ea]" name="tearDown" is-config="true" duration-ms="979" started-at="2021-08-16T11:57:49 IST" finished-at="2021-08-16T11:57:50 IST">
          <reporter-output>
          </reporter-output>
        </test-method> <!-- tearDown -->
      </class> <!-- testCases.HomePageTest -->
    </test> <!-- Test -->
  </suite> <!-- Suite -->
</testng-results>
