<?xml version="1.0" encoding="UTF-8"?>
<testng-results skipped="0" failed="0" ignored="0" total="1" passed="1">
  <reporter-output>
  </reporter-output>
  <suite name="Default suite" duration-ms="12573" started-at="2021-08-16T11:43:56 IST" finished-at="2021-08-16T11:44:08 IST">
    <groups>
    </groups>
    <test name="Default test" duration-ms="12573" started-at="2021-08-16T11:43:56 IST" finished-at="2021-08-16T11:44:08 IST">
      <class name="testCases.HomePageTest">
        <test-method status="PASS" signature="setUp()[pri:0, instance:testCases.HomePageTest@4b1c1ea0]" name="setUp" is-config="true" duration-ms="7706" started-at="2021-08-16T11:43:56 IST" finished-at="2021-08-16T11:44:03 IST">
          <reporter-output>
          </reporter-output>
        </test-method> <!-- setUp -->
        <test-method status="PASS" signature="verifyABTesting()[pri:0, instance:testCases.HomePageTest@4b1c1ea0]" name="verifyABTesting" duration-ms="3684" started-at="2021-08-16T11:44:03 IST" finished-at="2021-08-16T11:44:07 IST">
          <reporter-output>
          </reporter-output>
        </test-method> <!-- verifyABTesting -->
        <test-method status="PASS" signature="tearDown()[pri:0, instance:testCases.HomePageTest@4b1c1ea0]" name="tearDown" is-config="true" duration-ms="1087" started-at="2021-08-16T11:44:07 IST" finished-at="2021-08-16T11:44:08 IST">
          <reporter-output>
          </reporter-output>
        </test-method> <!-- tearDown -->
      </class> <!-- testCases.HomePageTest -->
    </test> <!-- Default test -->
  </suite> <!-- Default suite -->
</testng-results>
